<?xml version="1.0" encoding="UTF-8"?>
<robot generator="Robot 4.1.3 (Python 3.8.10 on linux)" generated="20220716 18:09:55.152" rpa="false" schemaversion="2">
<suite id="s1" name="call data On case" source="/home/indranee/Mobile application/Test_suite/call_data_On_case.robot">
<test id="s1-t1" name="TC1">
<kw name="Enable Mobile Data" library="Basic_setup">
<kw name="Swipe Left In Quick Panel" library="Basic_setup">
<kw name="Press Home" library="Mobile">
<doc>Press home key.</doc>
<msg timestamp="20220716 18:09:55.210" level="FAIL">OSError: Device not attached.</msg>
<status status="FAIL" starttime="20220716 18:09:55.193" endtime="20220716 18:09:55.210"/>
</kw>
<kw name="Open Notification" library="Mobile">
<doc>Open notification</doc>
<status status="NOT RUN" starttime="20220716 18:09:55.211" endtime="20220716 18:09:55.211"/>
</kw>
<kw name="Swipe Left" library="Mobile">
<doc>Swipe the UI object with *selectors* from center to left.</doc>
<status status="NOT RUN" starttime="20220716 18:09:55.211" endtime="20220716 18:09:55.211"/>
</kw>
<kw name="Click" library="Mobile">
<arg>className=android.widget.ImageView</arg>
<doc>Click on the UI object with *selectors*</doc>
<status status="NOT RUN" starttime="20220716 18:09:55.211" endtime="20220716 18:09:55.211"/>
</kw>
<kw name="Sleep" library="BuiltIn">
<arg>1</arg>
<doc>Pauses the test executed for the given time.</doc>
<status status="NOT RUN" starttime="20220716 18:09:55.211" endtime="20220716 18:09:55.211"/>
</kw>
<kw name="Press Home" library="Mobile">
<doc>Press home key.</doc>
<status status="NOT RUN" starttime="20220716 18:09:55.211" endtime="20220716 18:09:55.211"/>
</kw>
<status status="FAIL" starttime="20220716 18:09:55.193" endtime="20220716 18:09:55.211"/>
</kw>
<kw name="Sleep" library="BuiltIn">
<arg>2</arg>
<doc>Pauses the test executed for the given time.</doc>
<status status="NOT RUN" starttime="20220716 18:09:55.211" endtime="20220716 18:09:55.212"/>
</kw>
<status status="FAIL" starttime="20220716 18:09:55.193" endtime="20220716 18:09:55.212"/>
</kw>
<kw name="Make voice call" library="Basic_setup">
<status status="NOT RUN" starttime="20220716 18:09:55.212" endtime="20220716 18:09:55.212"/>
</kw>
<status status="FAIL" starttime="20220716 18:09:55.192" endtime="20220716 18:09:55.212">OSError: Device not attached.</status>
</test>
<doc>Test_001: General Script for verifying functionality</doc>
<status status="FAIL" starttime="20220716 18:09:55.152" endtime="20220716 18:09:55.212"/>
</suite>
<statistics>
<total>
<stat pass="0" fail="1" skip="0">All Tests</stat>
</total>
<tag>
</tag>
<suite>
<stat pass="0" fail="1" skip="0" id="s1" name="call data On case">call data On case</stat>
</suite>
</statistics>
<errors>
<msg timestamp="20220716 18:09:55.163" level="ERROR">Error in file '/home/indranee/Mobile application/Test_suite/call_data_On_case.robot' on line 2: Test library '/home/indranee/Mobile application/Test_plan/Lib/Android/localuiautomatorlibrary/Mobile.py' does not exist.</msg>
</errors>
</robot>
