<?xml version="1.0" encoding="UTF-8"?>
<robot generator="Robot 4.1.3 (Python 3.8.10 on linux)" generated="20220601 13:13:44.747" rpa="false" schemaversion="2">
<suite id="s1" name="Test" source="/home/indranee/Mobile application/Lib/Android/localuiautomatorlibrary/test.robot">
<test id="s1-t1" name="TC2:4G LTE Attach and Communication IPV6">
<kw name="Execute Adb Shell Command" library="Mobile">
<arg>monkey -p com.android.chrome -c android.intent.category.LAUNCHER 1</arg>
<doc>Execute adb shell *cmd*</doc>
<status status="PASS" starttime="20220601 13:13:45.259" endtime="20220601 13:13:48.946"/>
</kw>
<kw name="Wait For Exists" library="Mobile">
<var>${Result}</var>
<arg>&amp;{browser_Menu}</arg>
<doc>Wait for the object which has *selectors* within the given timeout.</doc>
<msg timestamp="20220601 13:14:03.087" level="INFO">${Result} = True</msg>
<status status="PASS" starttime="20220601 13:13:48.947" endtime="20220601 13:14:03.087"/>
</kw>
<kw name="Click" library="Mobile">
<arg>&amp;{browser_Menu}</arg>
<doc>Click on the UI object with *selectors*</doc>
<status status="PASS" starttime="20220601 13:14:03.088" endtime="20220601 13:14:09.443"/>
</kw>
<kw name="Click" library="Mobile">
<arg>&amp;{calender_Browser_Menu_NewTab_Button}</arg>
<doc>Click on the UI object with *selectors*</doc>
<status status="PASS" starttime="20220601 13:14:09.443" endtime="20220601 13:14:13.216"/>
</kw>
<kw name="Click" library="Mobile">
<arg>&amp;{calendar_Browser_Url_Search}</arg>
<doc>Click on the UI object with *selectors*</doc>
<status status="PASS" starttime="20220601 13:14:13.216" endtime="20220601 13:14:17.735"/>
</kw>
<kw name="Set Text" library="Mobile">
<arg>${browserUrl10}</arg>
<arg>&amp;{browserUrlSearch}</arg>
<doc>Set *input_text* to the UI object with *selectors*</doc>
<status status="PASS" starttime="20220601 13:14:17.736" endtime="20220601 13:14:21.905"/>
</kw>
<kw name="Press Enter" library="Mobile">
<doc>Press enter key.</doc>
<status status="PASS" starttime="20220601 13:14:21.906" endtime="20220601 13:14:23.230"/>
</kw>
<kw name="Sleep" library="BuiltIn">
<arg>5</arg>
<doc>Pauses the test executed for the given time.</doc>
<msg timestamp="20220601 13:14:28.231" level="INFO">Slept 5 seconds</msg>
<status status="PASS" starttime="20220601 13:14:23.230" endtime="20220601 13:14:28.231"/>
</kw>
<kw name="Verify Particular Url Is Opened IPV6">
<arg>&amp;{url10Id}</arg>
<kw name="Sleep" library="BuiltIn">
<arg>5</arg>
<doc>Pauses the test executed for the given time.</doc>
<msg timestamp="20220601 13:14:33.233" level="INFO">Slept 5 seconds</msg>
<status status="PASS" starttime="20220601 13:14:28.233" endtime="20220601 13:14:33.233"/>
</kw>
<kw name="Wait For Exists" library="Mobile">
<var>${web_page}</var>
<arg>&amp;{url_identifier}</arg>
<doc>Wait for the object which has *selectors* within the given timeout.</doc>
<msg timestamp="20220601 13:14:50.027" level="INFO">${web_page} = True</msg>
<status status="PASS" starttime="20220601 13:14:33.234" endtime="20220601 13:14:50.027"/>
</kw>
<kw name="Log To Console" library="BuiltIn">
<arg>${web_page}</arg>
<doc>Logs the given message to the console.</doc>
<status status="PASS" starttime="20220601 13:14:50.028" endtime="20220601 13:14:50.029"/>
</kw>
<kw name="Run Keyword If" library="BuiltIn">
<arg>${web_page}</arg>
<arg>Log To Console</arg>
<arg>IPV6 not supported</arg>
<arg>ELSE</arg>
<arg>Log To Console</arg>
<arg>IPV6 supported</arg>
<doc>Runs the given keyword with the given arguments, if ``condition`` is true.</doc>
<kw name="Log To Console" library="BuiltIn">
<arg>IPV6 not supported</arg>
<doc>Logs the given message to the console.</doc>
<status status="PASS" starttime="20220601 13:14:50.030" endtime="20220601 13:14:50.030"/>
</kw>
<status status="PASS" starttime="20220601 13:14:50.029" endtime="20220601 13:14:50.030"/>
</kw>
<status status="PASS" starttime="20220601 13:14:28.232" endtime="20220601 13:14:50.030"/>
</kw>
<status status="PASS" starttime="20220601 13:13:45.259" endtime="20220601 13:14:50.031"/>
</test>
<doc>Test_001: General Script for verifying functionality</doc>
<status status="PASS" starttime="20220601 13:13:44.748" endtime="20220601 13:14:50.031"/>
</suite>
<statistics>
<total>
<stat pass="1" fail="0" skip="0">All Tests</stat>
</total>
<tag>
</tag>
<suite>
<stat pass="1" fail="0" skip="0" id="s1" name="Test">Test</stat>
</suite>
</statistics>
<errors>
<msg timestamp="20220601 13:13:45.179" level="WARN">Imported library '/home/indranee/Mobile application/Lib/Android/localuiautomatorlibrary/Mobile_res.py' contains no keywords.</msg>
</errors>
</robot>
