<?xml version="1.0" encoding="UTF-8"?>
<robot generator="Robot 4.1.3 (Python 3.8.10 on linux)" generated="20220705 00:29:53.741" rpa="false" schemaversion="2">
<suite id="s1" name="check IPV6 case" source="/home/indranee/Mobile application/Test_suite/check_IPV6_case.robot">
<test id="s1-t1" name="TC1">
<kw name="Launch browser" library="Basic_setup">
<kw name="Execute Adb Shell Command" library="Mobile">
<arg>monkey -p com.android.chrome -c android.intent.category.LAUNCHER 1</arg>
<doc>Execute adb shell *cmd*</doc>
<status status="PASS" starttime="20220705 00:29:53.800" endtime="20220705 00:29:56.822"/>
</kw>
<kw name="Wait For Exists" library="Mobile">
<var>${Result}</var>
<arg>&amp;{browser_Menu}</arg>
<doc>Wait for the object which has *selectors* within the given timeout.</doc>
<msg timestamp="20220705 00:29:57.252" level="FAIL">OSError: Device not attached.</msg>
<status status="FAIL" starttime="20220705 00:29:56.823" endtime="20220705 00:29:57.252"/>
</kw>
<kw name="Click" library="Mobile">
<arg>&amp;{browser_Menu}</arg>
<doc>Click on the UI object with *selectors*</doc>
<status status="NOT RUN" starttime="20220705 00:29:57.252" endtime="20220705 00:29:57.253"/>
</kw>
<kw name="Click" library="Mobile">
<arg>&amp;{calender_Browser_Menu_NewTab_Button}</arg>
<doc>Click on the UI object with *selectors*</doc>
<status status="NOT RUN" starttime="20220705 00:29:57.253" endtime="20220705 00:29:57.253"/>
</kw>
<kw name="Click" library="Mobile">
<arg>&amp;{calendar_Browser_Url_Search}</arg>
<doc>Click on the UI object with *selectors*</doc>
<status status="NOT RUN" starttime="20220705 00:29:57.253" endtime="20220705 00:29:57.253"/>
</kw>
<status status="FAIL" starttime="20220705 00:29:53.800" endtime="20220705 00:29:57.254"/>
</kw>
<kw name="Set Text" library="Mobile">
<arg>${browserUrl10}</arg>
<arg>&amp;{browserUrlSearch}</arg>
<doc>Set *input_text* to the UI object with *selectors*</doc>
<status status="NOT RUN" starttime="20220705 00:29:57.254" endtime="20220705 00:29:57.254"/>
</kw>
<kw name="Press Enter" library="Mobile">
<doc>Press enter key.</doc>
<status status="NOT RUN" starttime="20220705 00:29:57.255" endtime="20220705 00:29:57.255"/>
</kw>
<kw name="Sleep" library="BuiltIn">
<arg>5</arg>
<doc>Pauses the test executed for the given time.</doc>
<status status="NOT RUN" starttime="20220705 00:29:57.255" endtime="20220705 00:29:57.255"/>
</kw>
<kw name="Verify Particular Url Is Opened IPV6" library="Basic_setup">
<arg>&amp;{url10Id}</arg>
<status status="NOT RUN" starttime="20220705 00:29:57.256" endtime="20220705 00:29:57.256"/>
</kw>
<status status="FAIL" starttime="20220705 00:29:53.799" endtime="20220705 00:29:57.256">OSError: Device not attached.</status>
</test>
<doc>Test_001: General Script for verifying functionality</doc>
<status status="FAIL" starttime="20220705 00:29:53.742" endtime="20220705 00:29:57.257"/>
</suite>
<statistics>
<total>
<stat pass="0" fail="1" skip="0">All Tests</stat>
</total>
<tag>
</tag>
<suite>
<stat pass="0" fail="1" skip="0" id="s1" name="check IPV6 case">check IPV6 case</stat>
</suite>
</statistics>
<errors>
<msg timestamp="20220705 00:29:53.753" level="ERROR">Error in file '/home/indranee/Mobile application/Test_suite/check_IPV6_case.robot' on line 2: Test library '/home/indranee/Mobile application/Test_suite/Lib/Android/localuiautomatorlibrary/Mobile.py' does not exist.</msg>
</errors>
</robot>
